debug: Fri, 10 May 2024 07:50:03 GMT
debug: Project: C:\win11_PD\naiknig\gitee\interview-questions_-joycastle
debug: Targets: editor,preview
debug: Incremental file seems great.
debug: Engine path: C:\win11_PD\soft\CocosCreator-v3.8.1-win-082412\resources\resources\3d\engine
debug: Initializing target [Editor]
debug: Loading cache
debug: Loading cache costs 3.2858999967575073ms.
debug: Engine features shipped in editor: base,gfx-webgl,gfx-webgl2,gfx-empty,3d,animation,skeletal-animation,2d,ui,particle,particle-2d,physics-framework,physics-2d-framework,physics-2d-box2d-wasm,intersection-2d,primitive,profiler,occlusion-query,geometry-renderer,debug-renderer,audio,video,xr,light-probe,terrain,webview,tween,tiled-map,spine,dragon-bones,marionette,procedural-animation,custom-pipeline,websocket,websocket-server
debug: Our import map(foo:/bar): {
  "imports": {
    "cc": "cce:/internal/x/cc"
  }
}
debug: Initializing target [Preview]
debug: Loading cache
debug: Loading cache costs 3.246500000357628ms.
debug: Our import map(foo:/bar): {
  "imports": {
    "cc": "cce:/internal/x/cc"
  }
}
debug: Sync engine features: 2d,animation,audio,base,dragon-bones,gfx-webgl,gfx-webgl2,intersection-2d,particle-2d,physics-2d-box2d,profiler,spine,tiled-map,tween,ui,video,webview
debug: Reset databases. Enumerated domains: [
  {
    "root": "db://internal/",
    "physical": "C:\\win11_PD\\soft\\CocosCreator-v3.8.1-win-082412\\resources\\resources\\3d\\engine\\editor\\assets"
  },
  {
    "root": "db://assets/",
    "physical": "C:\\win11_PD\\naiknig\\gitee\\interview-questions_-joycastle\\assets"
  }
]
debug: Our import map(foo:/bar): {
  "imports": {
    "cc": "cce:/internal/x/cc",
    "db://internal/": "file:///C:/win11_PD/soft/CocosCreator-v3.8.1-win-082412/resources/resources/3d/engine/editor/assets/",
    "db://assets/": "file:///C:/win11_PD/naiknig/gitee/interview-questions_-joycastle/assets/"
  }
}
debug: Our import map(foo:/bar): {
  "imports": {
    "cc": "cce:/internal/x/cc",
    "db://internal/": "file:///C:/win11_PD/soft/CocosCreator-v3.8.1-win-082412/resources/resources/3d/engine/editor/assets/",
    "db://assets/": "file:///C:/win11_PD/naiknig/gitee/interview-questions_-joycastle/assets/"
  }
}
debug: Pulling asset-db.
debug: Fetch asset-db cost: 46.481100007891655ms.
debug: Build iteration starts.
Number of accumulated asset changes: 8
Feature changed: false
debug: Target(editor) build started.
debug: Detected change: cce:/internal/x/cc. Last mtime: Thu Jan 01 1970 08:00:41 GMT+0800 (伊尔库茨克标准时间), Current mtime: Thu Jan 01 1970 08:00:17 GMT+0800 (伊尔库茨克标准时间)
debug: Inspect cce:/internal/x/cc
debug: Resolve cce:/internal/x/cc-fu/base from cce:/internal/x/cc as external dependency cce:/internal/x/cc-fu/base.
debug: Resolve cce:/internal/x/cc-fu/gfx-webgl from cce:/internal/x/cc as external dependency cce:/internal/x/cc-fu/gfx-webgl.
debug: Resolve cce:/internal/x/cc-fu/gfx-webgl2 from cce:/internal/x/cc as external dependency cce:/internal/x/cc-fu/gfx-webgl2.
debug: Resolve cce:/internal/x/cc-fu/gfx-empty from cce:/internal/x/cc as external dependency cce:/internal/x/cc-fu/gfx-empty.
debug: Resolve cce:/internal/x/cc-fu/3d from cce:/internal/x/cc as external dependency cce:/internal/x/cc-fu/3d.
debug: Resolve cce:/internal/x/cc-fu/animation from cce:/internal/x/cc as external dependency cce:/internal/x/cc-fu/animation.
debug: Resolve cce:/internal/x/cc-fu/skeletal-animation from cce:/internal/x/cc as external dependency cce:/internal/x/cc-fu/skeletal-animation.
debug: Resolve cce:/internal/x/cc-fu/2d from cce:/internal/x/cc as external dependency cce:/internal/x/cc-fu/2d.
debug: Resolve cce:/internal/x/cc-fu/sorting from cce:/internal/x/cc as external dependency cce:/internal/x/cc-fu/sorting.
debug: Resolve cce:/internal/x/cc-fu/ui from cce:/internal/x/cc as external dependency cce:/internal/x/cc-fu/ui.
debug: Resolve cce:/internal/x/cc-fu/particle from cce:/internal/x/cc as external dependency cce:/internal/x/cc-fu/particle.
debug: Resolve cce:/internal/x/cc-fu/particle-2d from cce:/internal/x/cc as external dependency cce:/internal/x/cc-fu/particle-2d.
debug: Resolve cce:/internal/x/cc-fu/physics-framework from cce:/internal/x/cc as external dependency cce:/internal/x/cc-fu/physics-framework.
debug: Resolve cce:/internal/x/cc-fu/physics-2d-framework from cce:/internal/x/cc as external dependency cce:/internal/x/cc-fu/physics-2d-framework.
debug: Resolve cce:/internal/x/cc-fu/physics-2d-box2d-wasm from cce:/internal/x/cc as external dependency cce:/internal/x/cc-fu/physics-2d-box2d-wasm.
debug: Resolve cce:/internal/x/cc-fu/intersection-2d from cce:/internal/x/cc as external dependency cce:/internal/x/cc-fu/intersection-2d.
debug: Resolve cce:/internal/x/cc-fu/primitive from cce:/internal/x/cc as external dependency cce:/internal/x/cc-fu/primitive.
debug: Resolve cce:/internal/x/cc-fu/profiler from cce:/internal/x/cc as external dependency cce:/internal/x/cc-fu/profiler.
debug: Resolve cce:/internal/x/cc-fu/geometry-renderer from cce:/internal/x/cc as external dependency cce:/internal/x/cc-fu/geometry-renderer.
debug: Resolve cce:/internal/x/cc-fu/audio from cce:/internal/x/cc as external dependency cce:/internal/x/cc-fu/audio.
debug: Resolve cce:/internal/x/cc-fu/video from cce:/internal/x/cc as external dependency cce:/internal/x/cc-fu/video.
debug: Resolve cce:/internal/x/cc-fu/xr from cce:/internal/x/cc as external dependency cce:/internal/x/cc-fu/xr.
debug: Resolve cce:/internal/x/cc-fu/light-probe from cce:/internal/x/cc as external dependency cce:/internal/x/cc-fu/light-probe.
debug: Resolve cce:/internal/x/cc-fu/terrain from cce:/internal/x/cc as external dependency cce:/internal/x/cc-fu/terrain.
debug: Resolve cce:/internal/x/cc-fu/webview from cce:/internal/x/cc as external dependency cce:/internal/x/cc-fu/webview.
debug: Resolve cce:/internal/x/cc-fu/tween from cce:/internal/x/cc as external dependency cce:/internal/x/cc-fu/tween.
debug: Resolve cce:/internal/x/cc-fu/tiled-map from cce:/internal/x/cc as external dependency cce:/internal/x/cc-fu/tiled-map.
debug: Resolve cce:/internal/x/cc-fu/spine from cce:/internal/x/cc as external dependency cce:/internal/x/cc-fu/spine.
debug: Resolve cce:/internal/x/cc-fu/dragon-bones from cce:/internal/x/cc as external dependency cce:/internal/x/cc-fu/dragon-bones.
debug: Resolve cce:/internal/x/cc-fu/custom-pipeline from cce:/internal/x/cc as external dependency cce:/internal/x/cc-fu/custom-pipeline.
debug: Detected change: cce:/internal/x/prerequisite-imports. Last mtime: Thu Jan 01 1970 08:00:47 GMT+0800 (伊尔库茨克标准时间), Current mtime: Thu Jan 01 1970 08:00:26 GMT+0800 (伊尔库茨克标准时间)
debug: Inspect cce:/internal/x/prerequisite-imports
debug: Resolve file:///C:/win11_PD/naiknig/gitee/interview-questions_-joycastle/assets/scripts/AniButton.ts from cce:/internal/x/prerequisite-imports as file:///C:/win11_PD/naiknig/gitee/interview-questions_-joycastle/assets/scripts/AniButton.ts.
debug: Resolve cc from file:///C:/win11_PD/naiknig/gitee/interview-questions_-joycastle/assets/scripts/AniButton.ts as cce:/internal/x/cc.
debug: Resolve cc from file:///C:/win11_PD/naiknig/gitee/interview-questions_-joycastle/assets/scripts/AniButton.ts as cce:/internal/x/cc.
debug: Resolve cc from file:///C:/win11_PD/naiknig/gitee/interview-questions_-joycastle/assets/scripts/AniButton.ts as cce:/internal/x/cc.
debug: Resolve file:///C:/win11_PD/naiknig/gitee/interview-questions_-joycastle/assets/scripts/CheckArray.ts from cce:/internal/x/prerequisite-imports as file:///C:/win11_PD/naiknig/gitee/interview-questions_-joycastle/assets/scripts/CheckArray.ts.
debug: Resolve cc from file:///C:/win11_PD/naiknig/gitee/interview-questions_-joycastle/assets/scripts/CheckArray.ts as cce:/internal/x/cc.
debug: Resolve file:///C:/win11_PD/naiknig/gitee/interview-questions_-joycastle/assets/scripts/Item.ts from cce:/internal/x/prerequisite-imports as file:///C:/win11_PD/naiknig/gitee/interview-questions_-joycastle/assets/scripts/Item.ts.
debug: Resolve cc from file:///C:/win11_PD/naiknig/gitee/interview-questions_-joycastle/assets/scripts/Item.ts as cce:/internal/x/cc.
debug: Resolve cc from file:///C:/win11_PD/naiknig/gitee/interview-questions_-joycastle/assets/scripts/Item.ts as cce:/internal/x/cc.
debug: Resolve cc from file:///C:/win11_PD/naiknig/gitee/interview-questions_-joycastle/assets/scripts/Item.ts as cce:/internal/x/cc.
debug: Resolve file:///C:/win11_PD/naiknig/gitee/interview-questions_-joycastle/assets/scripts/Test.ts from cce:/internal/x/prerequisite-imports as file:///C:/win11_PD/naiknig/gitee/interview-questions_-joycastle/assets/scripts/Test.ts.
debug: Resolve cce:/internal/code-quality/cr.mjs from file:///C:/win11_PD/naiknig/gitee/interview-questions_-joycastle/assets/scripts/Test.ts as cce:/internal/code-quality/cr.mjs.
debug: Detected change: cce:/internal/code-quality/cr.mjs. Last mtime: Fri May 10 2024 15:36:02 GMT+0800 (伊尔库茨克标准时间), Current mtime: Fri May 10 2024 15:49:45 GMT+0800 (伊尔库茨克标准时间)
debug: Inspect cce:/internal/code-quality/cr.mjs
debug: Resolve cc from file:///C:/win11_PD/naiknig/gitee/interview-questions_-joycastle/assets/scripts/Test.ts as cce:/internal/x/cc.
debug: Resolve cc from file:///C:/win11_PD/naiknig/gitee/interview-questions_-joycastle/assets/scripts/Test.ts as cce:/internal/x/cc.
debug: Resolve cc from file:///C:/win11_PD/naiknig/gitee/interview-questions_-joycastle/assets/scripts/Test.ts as cce:/internal/x/cc.
debug: Resolve ./Item from file:///C:/win11_PD/naiknig/gitee/interview-questions_-joycastle/assets/scripts/Test.ts as file:///C:/win11_PD/naiknig/gitee/interview-questions_-joycastle/assets/scripts/Item.ts.
debug: Resolve ./CheckArray from file:///C:/win11_PD/naiknig/gitee/interview-questions_-joycastle/assets/scripts/Test.ts as file:///C:/win11_PD/naiknig/gitee/interview-questions_-joycastle/assets/scripts/CheckArray.ts.
debug: Resolve file:///C:/win11_PD/naiknig/gitee/interview-questions_-joycastle/assets/scripts/test2.ts from cce:/internal/x/prerequisite-imports as file:///C:/win11_PD/naiknig/gitee/interview-questions_-joycastle/assets/scripts/test2.ts.
debug: Resolve cce:/internal/code-quality/cr.mjs from file:///C:/win11_PD/naiknig/gitee/interview-questions_-joycastle/assets/scripts/test2.ts as cce:/internal/code-quality/cr.mjs.
debug: Resolve cc from file:///C:/win11_PD/naiknig/gitee/interview-questions_-joycastle/assets/scripts/test2.ts as cce:/internal/x/cc.
debug: Resolve cc from file:///C:/win11_PD/naiknig/gitee/interview-questions_-joycastle/assets/scripts/test2.ts as cce:/internal/x/cc.
debug: Resolve cc from file:///C:/win11_PD/naiknig/gitee/interview-questions_-joycastle/assets/scripts/test2.ts as cce:/internal/x/cc.
debug: Resolve ./CheckArray from file:///C:/win11_PD/naiknig/gitee/interview-questions_-joycastle/assets/scripts/test2.ts as file:///C:/win11_PD/naiknig/gitee/interview-questions_-joycastle/assets/scripts/CheckArray.ts.
debug: Resolve ./utils/ArrayUtils from file:///C:/win11_PD/naiknig/gitee/interview-questions_-joycastle/assets/scripts/test2.ts as file:///C:/win11_PD/naiknig/gitee/interview-questions_-joycastle/assets/scripts/utils/ArrayUtils.ts.
debug: Resolve cc from file:///C:/win11_PD/naiknig/gitee/interview-questions_-joycastle/assets/scripts/utils/ArrayUtils.ts as cce:/internal/x/cc.
debug: Resolve file:///C:/win11_PD/naiknig/gitee/interview-questions_-joycastle/assets/scripts/utils/ArrayUtils.ts from cce:/internal/x/prerequisite-imports as file:///C:/win11_PD/naiknig/gitee/interview-questions_-joycastle/assets/scripts/utils/ArrayUtils.ts.
debug: Resolve file:///C:/win11_PD/naiknig/gitee/interview-questions_-joycastle/assets/scripts/utils/MathUtil.ts from cce:/internal/x/prerequisite-imports as file:///C:/win11_PD/naiknig/gitee/interview-questions_-joycastle/assets/scripts/utils/MathUtil.ts.
debug: Resolve cc from file:///C:/win11_PD/naiknig/gitee/interview-questions_-joycastle/assets/scripts/utils/MathUtil.ts as cce:/internal/x/cc.
debug: Resolve cc from file:///C:/win11_PD/naiknig/gitee/interview-questions_-joycastle/assets/scripts/utils/MathUtil.ts as cce:/internal/x/cc.
debug: Resolve file:///C:/win11_PD/soft/CocosCreator-v3.8.1-win-082412/resources/resources/3d/engine/editor/assets/tools/debug-view-runtime-control.ts from cce:/internal/x/prerequisite-imports as file:///C:/win11_PD/soft/CocosCreator-v3.8.1-win-082412/resources/resources/3d/engine/editor/assets/tools/debug-view-runtime-control.ts.
debug: Resolve cc from file:///C:/win11_PD/soft/CocosCreator-v3.8.1-win-082412/resources/resources/3d/engine/editor/assets/tools/debug-view-runtime-control.ts as cce:/internal/x/cc.
debug: Resolve cc from file:///C:/win11_PD/soft/CocosCreator-v3.8.1-win-082412/resources/resources/3d/engine/editor/assets/tools/debug-view-runtime-control.ts as cce:/internal/x/cc.
debug: Resolve cc from file:///C:/win11_PD/soft/CocosCreator-v3.8.1-win-082412/resources/resources/3d/engine/editor/assets/tools/debug-view-runtime-control.ts as cce:/internal/x/cc.
debug: Target(editor) ends with cost 295.55810000002384ms.
debug: Target(preview) build started.
debug: Detected change: cce:/internal/x/cc. Last mtime: Thu Jan 01 1970 08:00:41 GMT+0800 (伊尔库茨克标准时间), Current mtime: Thu Jan 01 1970 08:00:25 GMT+0800 (伊尔库茨克标准时间)
debug: Inspect cce:/internal/x/cc
debug: Resolve cce:/internal/x/cc-fu/2d from cce:/internal/x/cc as external dependency cce:/internal/x/cc-fu/2d.
debug: Resolve cce:/internal/x/cc-fu/sorting from cce:/internal/x/cc as external dependency cce:/internal/x/cc-fu/sorting.
debug: Resolve cce:/internal/x/cc-fu/animation from cce:/internal/x/cc as external dependency cce:/internal/x/cc-fu/animation.
debug: Resolve cce:/internal/x/cc-fu/audio from cce:/internal/x/cc as external dependency cce:/internal/x/cc-fu/audio.
debug: Resolve cce:/internal/x/cc-fu/base from cce:/internal/x/cc as external dependency cce:/internal/x/cc-fu/base.
debug: Resolve cce:/internal/x/cc-fu/dragon-bones from cce:/internal/x/cc as external dependency cce:/internal/x/cc-fu/dragon-bones.
debug: Resolve cce:/internal/x/cc-fu/gfx-webgl from cce:/internal/x/cc as external dependency cce:/internal/x/cc-fu/gfx-webgl.
debug: Resolve cce:/internal/x/cc-fu/gfx-webgl2 from cce:/internal/x/cc as external dependency cce:/internal/x/cc-fu/gfx-webgl2.
debug: Resolve cce:/internal/x/cc-fu/intersection-2d from cce:/internal/x/cc as external dependency cce:/internal/x/cc-fu/intersection-2d.
debug: Resolve cce:/internal/x/cc-fu/particle-2d from cce:/internal/x/cc as external dependency cce:/internal/x/cc-fu/particle-2d.
debug: Resolve cce:/internal/x/cc-fu/physics-2d-box2d from cce:/internal/x/cc as external dependency cce:/internal/x/cc-fu/physics-2d-box2d.
debug: Resolve cce:/internal/x/cc-fu/physics-2d-framework from cce:/internal/x/cc as external dependency cce:/internal/x/cc-fu/physics-2d-framework.
debug: Resolve cce:/internal/x/cc-fu/profiler from cce:/internal/x/cc as external dependency cce:/internal/x/cc-fu/profiler.
debug: Resolve cce:/internal/x/cc-fu/spine from cce:/internal/x/cc as external dependency cce:/internal/x/cc-fu/spine.
debug: Resolve cce:/internal/x/cc-fu/tiled-map from cce:/internal/x/cc as external dependency cce:/internal/x/cc-fu/tiled-map.
debug: Resolve cce:/internal/x/cc-fu/tween from cce:/internal/x/cc as external dependency cce:/internal/x/cc-fu/tween.
debug: Resolve cce:/internal/x/cc-fu/ui from cce:/internal/x/cc as external dependency cce:/internal/x/cc-fu/ui.
debug: Resolve cce:/internal/x/cc-fu/video from cce:/internal/x/cc as external dependency cce:/internal/x/cc-fu/video.
debug: Resolve cce:/internal/x/cc-fu/webview from cce:/internal/x/cc as external dependency cce:/internal/x/cc-fu/webview.
debug: Detected change: cce:/internal/x/prerequisite-imports. Last mtime: Thu Jan 01 1970 08:00:47 GMT+0800 (伊尔库茨克标准时间), Current mtime: Thu Jan 01 1970 08:00:26 GMT+0800 (伊尔库茨克标准时间)
debug: Inspect cce:/internal/x/prerequisite-imports
debug: Resolve file:///C:/win11_PD/naiknig/gitee/interview-questions_-joycastle/assets/scripts/AniButton.ts from cce:/internal/x/prerequisite-imports as file:///C:/win11_PD/naiknig/gitee/interview-questions_-joycastle/assets/scripts/AniButton.ts.
debug: Resolve cc from file:///C:/win11_PD/naiknig/gitee/interview-questions_-joycastle/assets/scripts/AniButton.ts as cce:/internal/x/cc.
debug: Resolve cc from file:///C:/win11_PD/naiknig/gitee/interview-questions_-joycastle/assets/scripts/AniButton.ts as cce:/internal/x/cc.
debug: Resolve cc from file:///C:/win11_PD/naiknig/gitee/interview-questions_-joycastle/assets/scripts/AniButton.ts as cce:/internal/x/cc.
debug: Resolve file:///C:/win11_PD/naiknig/gitee/interview-questions_-joycastle/assets/scripts/CheckArray.ts from cce:/internal/x/prerequisite-imports as file:///C:/win11_PD/naiknig/gitee/interview-questions_-joycastle/assets/scripts/CheckArray.ts.
debug: Resolve cc from file:///C:/win11_PD/naiknig/gitee/interview-questions_-joycastle/assets/scripts/CheckArray.ts as cce:/internal/x/cc.
debug: Resolve file:///C:/win11_PD/naiknig/gitee/interview-questions_-joycastle/assets/scripts/Item.ts from cce:/internal/x/prerequisite-imports as file:///C:/win11_PD/naiknig/gitee/interview-questions_-joycastle/assets/scripts/Item.ts.
debug: Resolve cc from file:///C:/win11_PD/naiknig/gitee/interview-questions_-joycastle/assets/scripts/Item.ts as cce:/internal/x/cc.
debug: Resolve cc from file:///C:/win11_PD/naiknig/gitee/interview-questions_-joycastle/assets/scripts/Item.ts as cce:/internal/x/cc.
debug: Resolve cc from file:///C:/win11_PD/naiknig/gitee/interview-questions_-joycastle/assets/scripts/Item.ts as cce:/internal/x/cc.
debug: Resolve file:///C:/win11_PD/naiknig/gitee/interview-questions_-joycastle/assets/scripts/Test.ts from cce:/internal/x/prerequisite-imports as file:///C:/win11_PD/naiknig/gitee/interview-questions_-joycastle/assets/scripts/Test.ts.
debug: Resolve cce:/internal/code-quality/cr.mjs from file:///C:/win11_PD/naiknig/gitee/interview-questions_-joycastle/assets/scripts/Test.ts as cce:/internal/code-quality/cr.mjs.
debug: Detected change: cce:/internal/code-quality/cr.mjs. Last mtime: Fri May 10 2024 15:36:02 GMT+0800 (伊尔库茨克标准时间), Current mtime: Fri May 10 2024 15:49:45 GMT+0800 (伊尔库茨克标准时间)
debug: Inspect cce:/internal/code-quality/cr.mjs
debug: Resolve cc from file:///C:/win11_PD/naiknig/gitee/interview-questions_-joycastle/assets/scripts/Test.ts as cce:/internal/x/cc.
debug: Resolve cc from file:///C:/win11_PD/naiknig/gitee/interview-questions_-joycastle/assets/scripts/Test.ts as cce:/internal/x/cc.
debug: Resolve cc from file:///C:/win11_PD/naiknig/gitee/interview-questions_-joycastle/assets/scripts/Test.ts as cce:/internal/x/cc.
debug: Resolve ./Item from file:///C:/win11_PD/naiknig/gitee/interview-questions_-joycastle/assets/scripts/Test.ts as file:///C:/win11_PD/naiknig/gitee/interview-questions_-joycastle/assets/scripts/Item.ts.
debug: Resolve ./CheckArray from file:///C:/win11_PD/naiknig/gitee/interview-questions_-joycastle/assets/scripts/Test.ts as file:///C:/win11_PD/naiknig/gitee/interview-questions_-joycastle/assets/scripts/CheckArray.ts.
debug: Resolve file:///C:/win11_PD/naiknig/gitee/interview-questions_-joycastle/assets/scripts/test2.ts from cce:/internal/x/prerequisite-imports as file:///C:/win11_PD/naiknig/gitee/interview-questions_-joycastle/assets/scripts/test2.ts.
debug: Resolve cce:/internal/code-quality/cr.mjs from file:///C:/win11_PD/naiknig/gitee/interview-questions_-joycastle/assets/scripts/test2.ts as cce:/internal/code-quality/cr.mjs.
debug: Resolve cc from file:///C:/win11_PD/naiknig/gitee/interview-questions_-joycastle/assets/scripts/test2.ts as cce:/internal/x/cc.
debug: Resolve cc from file:///C:/win11_PD/naiknig/gitee/interview-questions_-joycastle/assets/scripts/test2.ts as cce:/internal/x/cc.
debug: Resolve cc from file:///C:/win11_PD/naiknig/gitee/interview-questions_-joycastle/assets/scripts/test2.ts as cce:/internal/x/cc.
debug: Resolve ./CheckArray from file:///C:/win11_PD/naiknig/gitee/interview-questions_-joycastle/assets/scripts/test2.ts as file:///C:/win11_PD/naiknig/gitee/interview-questions_-joycastle/assets/scripts/CheckArray.ts.
debug: Resolve ./utils/ArrayUtils from file:///C:/win11_PD/naiknig/gitee/interview-questions_-joycastle/assets/scripts/test2.ts as file:///C:/win11_PD/naiknig/gitee/interview-questions_-joycastle/assets/scripts/utils/ArrayUtils.ts.
debug: Resolve cc from file:///C:/win11_PD/naiknig/gitee/interview-questions_-joycastle/assets/scripts/utils/ArrayUtils.ts as cce:/internal/x/cc.
debug: Resolve file:///C:/win11_PD/naiknig/gitee/interview-questions_-joycastle/assets/scripts/utils/ArrayUtils.ts from cce:/internal/x/prerequisite-imports as file:///C:/win11_PD/naiknig/gitee/interview-questions_-joycastle/assets/scripts/utils/ArrayUtils.ts.
debug: Resolve file:///C:/win11_PD/naiknig/gitee/interview-questions_-joycastle/assets/scripts/utils/MathUtil.ts from cce:/internal/x/prerequisite-imports as file:///C:/win11_PD/naiknig/gitee/interview-questions_-joycastle/assets/scripts/utils/MathUtil.ts.
debug: Resolve cc from file:///C:/win11_PD/naiknig/gitee/interview-questions_-joycastle/assets/scripts/utils/MathUtil.ts as cce:/internal/x/cc.
debug: Resolve cc from file:///C:/win11_PD/naiknig/gitee/interview-questions_-joycastle/assets/scripts/utils/MathUtil.ts as cce:/internal/x/cc.
debug: Resolve file:///C:/win11_PD/soft/CocosCreator-v3.8.1-win-082412/resources/resources/3d/engine/editor/assets/tools/debug-view-runtime-control.ts from cce:/internal/x/prerequisite-imports as file:///C:/win11_PD/soft/CocosCreator-v3.8.1-win-082412/resources/resources/3d/engine/editor/assets/tools/debug-view-runtime-control.ts.
debug: Resolve cc from file:///C:/win11_PD/soft/CocosCreator-v3.8.1-win-082412/resources/resources/3d/engine/editor/assets/tools/debug-view-runtime-control.ts as cce:/internal/x/cc.
debug: Resolve cc from file:///C:/win11_PD/soft/CocosCreator-v3.8.1-win-082412/resources/resources/3d/engine/editor/assets/tools/debug-view-runtime-control.ts as cce:/internal/x/cc.
debug: Resolve cc from file:///C:/win11_PD/soft/CocosCreator-v3.8.1-win-082412/resources/resources/3d/engine/editor/assets/tools/debug-view-runtime-control.ts as cce:/internal/x/cc.
debug: Target(preview) ends with cost 373.8707000017166ms.
debug: Pulling asset-db.
debug: Fetch asset-db cost: 3195.611199989915ms.
debug: Build iteration starts.
Number of accumulated asset changes: 8
Feature changed: false
debug: Target(editor) build started.
debug: Detected change: cce:/internal/x/prerequisite-imports. Last mtime: Thu Jan 01 1970 08:00:26 GMT+0800 (伊尔库茨克标准时间), Current mtime: Thu Jan 01 1970 08:00:30 GMT+0800 (伊尔库茨克标准时间)
debug: Inspect cce:/internal/x/prerequisite-imports
debug: Resolve file:///C:/win11_PD/naiknig/gitee/interview-questions_-joycastle/assets/scripts/AniButton.ts from cce:/internal/x/prerequisite-imports as file:///C:/win11_PD/naiknig/gitee/interview-questions_-joycastle/assets/scripts/AniButton.ts.
debug: Resolve file:///C:/win11_PD/naiknig/gitee/interview-questions_-joycastle/assets/scripts/CheckArray.ts from cce:/internal/x/prerequisite-imports as file:///C:/win11_PD/naiknig/gitee/interview-questions_-joycastle/assets/scripts/CheckArray.ts.
debug: Resolve file:///C:/win11_PD/naiknig/gitee/interview-questions_-joycastle/assets/scripts/Item.ts from cce:/internal/x/prerequisite-imports as file:///C:/win11_PD/naiknig/gitee/interview-questions_-joycastle/assets/scripts/Item.ts.
debug: Resolve file:///C:/win11_PD/naiknig/gitee/interview-questions_-joycastle/assets/scripts/Test.ts from cce:/internal/x/prerequisite-imports as file:///C:/win11_PD/naiknig/gitee/interview-questions_-joycastle/assets/scripts/Test.ts.
debug: Resolve file:///C:/win11_PD/naiknig/gitee/interview-questions_-joycastle/assets/scripts/test2.ts from cce:/internal/x/prerequisite-imports as file:///C:/win11_PD/naiknig/gitee/interview-questions_-joycastle/assets/scripts/test2.ts.
debug: Resolve file:///C:/win11_PD/naiknig/gitee/interview-questions_-joycastle/assets/scripts/utils/ArrayUtils.ts from cce:/internal/x/prerequisite-imports as file:///C:/win11_PD/naiknig/gitee/interview-questions_-joycastle/assets/scripts/utils/ArrayUtils.ts.
debug: Resolve file:///C:/win11_PD/naiknig/gitee/interview-questions_-joycastle/assets/scripts/utils/MathUtil.ts from cce:/internal/x/prerequisite-imports as file:///C:/win11_PD/naiknig/gitee/interview-questions_-joycastle/assets/scripts/utils/MathUtil.ts.
debug: Resolve file:///C:/win11_PD/soft/CocosCreator-v3.8.1-win-082412/resources/resources/3d/engine/editor/assets/tools/debug-view-runtime-control.ts from cce:/internal/x/prerequisite-imports as file:///C:/win11_PD/soft/CocosCreator-v3.8.1-win-082412/resources/resources/3d/engine/editor/assets/tools/debug-view-runtime-control.ts.
debug: Target(editor) ends with cost 250.52089999616146ms.
debug: Target(preview) build started.
debug: Detected change: cce:/internal/x/prerequisite-imports. Last mtime: Thu Jan 01 1970 08:00:26 GMT+0800 (伊尔库茨克标准时间), Current mtime: Thu Jan 01 1970 08:00:30 GMT+0800 (伊尔库茨克标准时间)
debug: Inspect cce:/internal/x/prerequisite-imports
debug: Resolve file:///C:/win11_PD/naiknig/gitee/interview-questions_-joycastle/assets/scripts/AniButton.ts from cce:/internal/x/prerequisite-imports as file:///C:/win11_PD/naiknig/gitee/interview-questions_-joycastle/assets/scripts/AniButton.ts.
debug: Resolve file:///C:/win11_PD/naiknig/gitee/interview-questions_-joycastle/assets/scripts/CheckArray.ts from cce:/internal/x/prerequisite-imports as file:///C:/win11_PD/naiknig/gitee/interview-questions_-joycastle/assets/scripts/CheckArray.ts.
debug: Resolve file:///C:/win11_PD/naiknig/gitee/interview-questions_-joycastle/assets/scripts/Item.ts from cce:/internal/x/prerequisite-imports as file:///C:/win11_PD/naiknig/gitee/interview-questions_-joycastle/assets/scripts/Item.ts.
debug: Resolve file:///C:/win11_PD/naiknig/gitee/interview-questions_-joycastle/assets/scripts/Test.ts from cce:/internal/x/prerequisite-imports as file:///C:/win11_PD/naiknig/gitee/interview-questions_-joycastle/assets/scripts/Test.ts.
debug: Resolve file:///C:/win11_PD/naiknig/gitee/interview-questions_-joycastle/assets/scripts/test2.ts from cce:/internal/x/prerequisite-imports as file:///C:/win11_PD/naiknig/gitee/interview-questions_-joycastle/assets/scripts/test2.ts.
debug: Resolve file:///C:/win11_PD/naiknig/gitee/interview-questions_-joycastle/assets/scripts/utils/ArrayUtils.ts from cce:/internal/x/prerequisite-imports as file:///C:/win11_PD/naiknig/gitee/interview-questions_-joycastle/assets/scripts/utils/ArrayUtils.ts.
debug: Resolve file:///C:/win11_PD/naiknig/gitee/interview-questions_-joycastle/assets/scripts/utils/MathUtil.ts from cce:/internal/x/prerequisite-imports as file:///C:/win11_PD/naiknig/gitee/interview-questions_-joycastle/assets/scripts/utils/MathUtil.ts.
debug: Resolve file:///C:/win11_PD/soft/CocosCreator-v3.8.1-win-082412/resources/resources/3d/engine/editor/assets/tools/debug-view-runtime-control.ts from cce:/internal/x/prerequisite-imports as file:///C:/win11_PD/soft/CocosCreator-v3.8.1-win-082412/resources/resources/3d/engine/editor/assets/tools/debug-view-runtime-control.ts.
debug: Target(preview) ends with cost 248.73969998955727ms.
