2024-5-10 15:49:55-log: Cannot access game frame or container.
2024-5-10 15:49:56-debug: asset-db:require-engine-code (2249ms)
2024-5-10 15:49:56-log: meshopt wasm decoder initialized
2024-5-10 15:49:57-log: Cocos Creator v3.8.1
2024-5-10 15:49:57-debug: [Assets Memory track]: asset-db:worker-init: initEngine start:19.88MB, end 93.51MB, increase: 73.62MB
2024-5-10 15:49:57-debug: [Assets Memory track]: asset-db-plugin-register: programming start:94.11MB, end 96.97MB, increase: 2.86MB
2024-5-10 15:49:58-debug: [Assets Memory track]: asset-db-plugin-enable: project start:97.19MB, end 100.47MB, increase: 3.27MB
2024-5-10 15:49:58-debug: [Assets Memory track]: asset-db:worker-init: initPlugin start:93.52MB, end 100.47MB, increase: 6.96MB
2024-5-10 15:49:58-debug: [Assets Memory track]: asset-db-plugin-register: engine-extends start:97.02MB, end 100.46MB, increase: 3.44MB
2024-5-10 15:49:58-debug: asset-db:worker-init: initPlugin (648ms)
2024-5-10 15:49:58-debug: [Assets Memory track]: asset-db:worker-init start:19.88MB, end 94.47MB, increase: 74.59MB
2024-5-10 15:49:58-debug: Run asset db hook programming:beforePreStart success!
2024-5-10 15:49:58-debug: Run asset db hook engine-extends:beforePreStart success!
2024-5-10 15:49:58-debug: Run asset db hook engine-extends:beforePreStart ...
2024-5-10 15:49:58-debug: Run asset db hook programming:beforePreStart ...
2024-5-10 15:50:00-debug: asset-db:worker-init (6304ms)
2024-5-10 15:50:00-debug: asset-db-hook-programming-beforePreStart (2250ms)
2024-5-10 15:50:00-debug: asset-db-hook-engine-extends-beforePreStart (2249ms)
2024-5-10 15:50:00-debug: Preimport db internal success
2024-5-10 15:50:00-debug: Preimport db assets success
2024-5-10 15:50:00-debug: Run asset db hook programming:afterPreStart ...
2024-5-10 15:50:03-debug: run package(builder) handler(enable) start
2024-5-10 15:50:11-debug: [Assets Memory track]: asset-db-plugin-enable: builder start:116.16MB, end 304.44MB, increase: 188.28MB
2024-5-10 15:50:11-debug: run package(shortcuts) handler(enable) start
2024-5-10 15:50:11-debug: run package(builder) handler(enable) success!
2024-5-10 15:50:11-debug: run package(animation-graph) handler(enable) start
2024-5-10 15:50:11-debug: run package(animation-graph) handler(enable) success!
2024-5-10 15:50:11-debug: run package(about) handler(enable) success!
2024-5-10 15:50:11-debug: run package(assets) handler(enable) start
2024-5-10 15:50:11-debug: run package(assets) handler(enable) success!
2024-5-10 15:50:11-debug: run package(console) handler(enable) start
2024-5-10 15:50:11-debug: run package(console) handler(enable) success!
2024-5-10 15:50:11-debug: run package(crash-reporter) handler(enable) start
2024-5-10 15:50:11-debug: run package(about) handler(enable) start
2024-5-10 15:50:11-debug: run package(shortcuts) handler(enable) success!
2024-5-10 15:50:11-debug: run package(crash-reporter) handler(enable) success!
2024-5-10 15:50:11-debug: run package(extension) handler(enable) success!
2024-5-10 15:50:11-debug: run package(hierarchy) handler(enable) success!
2024-5-10 15:50:11-debug: run package(inspector) handler(enable) start
2024-5-10 15:50:11-debug: run package(extension) handler(enable) start
2024-5-10 15:50:11-debug: run package(inspector) handler(enable) success!
2024-5-10 15:50:11-debug: run package(hierarchy) handler(enable) start
2024-5-10 15:50:11-debug: run package(light-probe) handler(enable) start
2024-5-10 15:50:11-debug: run package(light-probe) handler(enable) success!
2024-5-10 15:50:11-debug: run package(node-library) handler(enable) start
2024-5-10 15:50:11-debug: run package(lightmap) handler(enable) success!
2024-5-10 15:50:11-debug: run package(node-library) handler(enable) success!
2024-5-10 15:50:11-debug: run package(package-asset) handler(enable) success!
2024-5-10 15:50:11-debug: run package(lightmap) handler(enable) start
2024-5-10 15:50:11-debug: run package(package-asset) handler(enable) start
2024-5-10 15:50:11-debug: run package(process) handler(enable) start
2024-5-10 15:50:11-debug: run package(process) handler(enable) success!
2024-5-10 15:50:11-debug: run package(reference-image) handler(enable) start
2024-5-10 15:50:11-debug: run package(reflection-probe) handler(enable) success!
2024-5-10 15:50:11-debug: run package(engine-extends) handler(enable) start
2024-5-10 15:50:11-debug: run package(reference-image) handler(enable) success!
2024-5-10 15:50:11-debug: run package(adsense-h5g-plugin) handler(enable) start
2024-5-10 15:50:11-debug: run package(adsense-h5g-plugin) handler(enable) success!
2024-5-10 15:50:11-debug: run package(alipay-mini-game) handler(enable) start
2024-5-10 15:50:11-debug: run package(engine-extends) handler(enable) success!
2024-5-10 15:50:11-debug: run package(alipay-mini-game) handler(enable) success!
2024-5-10 15:50:11-debug: run package(reflection-probe) handler(enable) start
2024-5-10 15:50:11-debug: run package(android) handler(enable) start
2024-5-10 15:50:11-debug: run package(android) handler(enable) success!
2024-5-10 15:50:11-debug: run package(bytedance-mini-game) handler(enable) start
2024-5-10 15:50:11-debug: run package(bytedance-mini-game) handler(enable) success!
2024-5-10 15:50:11-debug: run package(certificate) handler(enable) start
2024-5-10 15:50:11-debug: run package(certificate) handler(enable) success!
2024-5-10 15:50:11-debug: run package(channel-upload-tools) handler(enable) start
2024-5-10 15:50:11-debug: run package(huawei-agc) handler(enable) start
2024-5-10 15:50:11-debug: run package(channel-upload-tools) handler(enable) success!
2024-5-10 15:50:11-debug: run package(fb-instant-games) handler(enable) start
2024-5-10 15:50:11-debug: run package(huawei-quick-game) handler(enable) success!
2024-5-10 15:50:11-debug: run package(ios) handler(enable) start
2024-5-10 15:50:11-debug: run package(ios) handler(enable) success!
2024-5-10 15:50:11-debug: run package(huawei-quick-game) handler(enable) start
2024-5-10 15:50:11-debug: run package(linux) handler(enable) start
2024-5-10 15:50:11-debug: run package(fb-instant-games) handler(enable) success!
2024-5-10 15:50:11-debug: run package(mac) handler(enable) success!
2024-5-10 15:50:11-debug: run package(huawei-agc) handler(enable) success!
2024-5-10 15:50:11-debug: run package(mac) handler(enable) start
2024-5-10 15:50:11-debug: run package(native) handler(enable) start
2024-5-10 15:50:11-debug: run package(linux) handler(enable) success!
2024-5-10 15:50:11-debug: run package(ohos) handler(enable) start
2024-5-10 15:50:11-debug: run package(ohos) handler(enable) success!
2024-5-10 15:50:11-debug: run package(openharmony) handler(enable) start
2024-5-10 15:50:11-debug: run package(openharmony) handler(enable) success!
2024-5-10 15:50:11-debug: run package(native) handler(enable) success!
2024-5-10 15:50:11-debug: run package(runtime-dev-tools) handler(enable) start
2024-5-10 15:50:11-debug: run package(oppo-mini-game) handler(enable) start
2024-5-10 15:50:11-debug: run package(oppo-mini-game) handler(enable) success!
2024-5-10 15:50:11-debug: run package(runtime-dev-tools) handler(enable) success!
2024-5-10 15:50:11-debug: run package(taobao-creative-app) handler(enable) success!
2024-5-10 15:50:11-debug: run package(taobao-creative-app) handler(enable) start
2024-5-10 15:50:11-debug: run package(taobao-mini-game) handler(enable) start
2024-5-10 15:50:11-debug: run package(taobao-mini-game) handler(enable) success!
2024-5-10 15:50:11-debug: run package(vivo-mini-game) handler(enable) start
2024-5-10 15:50:11-debug: run package(web-desktop) handler(enable) success!
2024-5-10 15:50:11-debug: run package(web-mobile) handler(enable) start
2024-5-10 15:50:11-debug: run package(web-mobile) handler(enable) success!
2024-5-10 15:50:11-debug: run package(vivo-mini-game) handler(enable) success!
2024-5-10 15:50:11-debug: run package(wechatgame) handler(enable) start
2024-5-10 15:50:11-debug: run package(web-desktop) handler(enable) start
2024-5-10 15:50:11-debug: run package(wechatprogram) handler(enable) start
2024-5-10 15:50:11-debug: run package(wechatprogram) handler(enable) success!
2024-5-10 15:50:11-debug: run package(windows) handler(enable) start
2024-5-10 15:50:11-debug: run package(windows) handler(enable) success!
2024-5-10 15:50:11-debug: run package(wechatgame) handler(enable) success!
2024-5-10 15:50:11-debug: run package(xiaomi-quick-game) handler(enable) success!
2024-5-10 15:50:11-debug: run package(cocos-service) handler(enable) success!
2024-5-10 15:50:11-debug: run package(im-plugin) handler(enable) start
2024-5-10 15:50:11-debug: run package(cocos-service) handler(enable) start
2024-5-10 15:50:11-debug: run package(xiaomi-quick-game) handler(enable) start
2024-5-10 15:50:11-debug: run package(placeholder) handler(enable) start
2024-5-10 15:50:11-debug: run package(im-plugin) handler(enable) success!
2024-5-10 15:50:11-debug: run package(placeholder) handler(enable) success!
2024-5-10 15:50:12-debug: Set detail map pack:///resolution-detail-map.json: {}
2024-5-10 15:50:12-debug: Run asset db hook programming:afterPreStart success!
2024-5-10 15:50:12-debug: [Assets Memory track]: asset-db:worker-init: preStart start:94.48MB, end 308.81MB, increase: 214.34MB
2024-5-10 15:50:12-debug: Start up the 'internal' database...
2024-5-10 15:50:12-debug: Run asset db hook engine-extends:afterPreStart success!
2024-5-10 15:50:12-debug: Run asset db hook engine-extends:afterPreStart ...
2024-5-10 15:50:12-debug: asset-db-hook-programming-afterPreStart (12233ms)
2024-5-10 15:50:12-debug: asset-db:worker-effect-data-processing (72ms)
2024-5-10 15:50:12-debug: asset-db-hook-engine-extends-afterPreStart (73ms)
2024-5-10 15:50:12-debug: start asset-db with asset: 462
2024-5-10 15:50:12-debug: [Assets Memory track]: asset-db:worker-startup-database[internal] start:113.05MB, end 307.29MB, increase: 194.24MB
2024-5-10 15:50:12-debug: Start up the 'assets' database...
2024-5-10 15:50:12-debug: start asset-db with asset: 18
2024-5-10 15:50:12-debug: asset-db:worker-startup-database[internal] (12561ms)
2024-5-10 15:50:12-debug: [Assets Memory track]: asset-db:worker-startup-database[assets] start:115.79MB, end 307.45MB, increase: 191.66MB
2024-5-10 15:50:12-debug: asset-db:worker-startup-database[assets] (12326ms)
2024-5-10 15:50:12-debug: asset-db:start-database (14635ms)
2024-5-10 15:50:12-debug: asset-db:ready (24701ms)
2024-5-10 15:50:12-debug: init worker message success
2024-5-10 15:50:13-debug: [Build Memory track]: builder:worker-init start:309.47MB, end 317.21MB, increase: 7.74MB
2024-5-10 15:50:13-debug: programming:execute-script (12ms)
2024-5-10 15:50:15-debug: builder:worker-init (3020ms)
2024-5-10 15:50:17-debug: Query all assets info in project
2024-5-10 15:50:17-debug: init custom config: keepNodeUuid: false, useCache: true
2024-5-10 15:50:17-debug:   Number of all scenes: 3
2024-5-10 15:50:17-debug:   Number of all scripts: 8
2024-5-10 15:50:17-debug:   Number of other assets: 328
2024-5-10 15:50:17-debug: reload all scripts.
2024-5-10 15:50:18-debug: Set detail map pack:///resolution-detail-map.json: {}
2024-5-10 15:50:18-debug: C:\win11_PD\naiknig\gitee\interview-questions_-joycastle\temp\programming\packer-driver\targets\editor\chunks\93\93ba276ea7b26ffcdc433fab14afc1ed6f05647b.js resolved to C:\win11_PD\naiknig\gitee\interview-questions_-joycastle\temp\programming\packer-driver\targets\editor\chunks\93\93ba276ea7b26ffcdc433fab14afc1ed6f05647b.js is not in module cache!
2024-5-10 15:50:18-debug: [[Executor]] Module "cce:/internal/x/cc-fu/base" loaded.
2024-5-10 15:50:18-debug: [[Executor]] Module "cce:/internal/x/cc-fu/gfx-webgl" loaded.
2024-5-10 15:50:18-debug: [[Executor]] Module "cce:/internal/x/cc-fu/gfx-webgl2" loaded.
2024-5-10 15:50:18-debug: [[Executor]] Module "cce:/internal/x/cc-fu/gfx-empty" loaded.
2024-5-10 15:50:18-debug: [[Executor]] Module "cce:/internal/x/cc-fu/3d" loaded.
2024-5-10 15:50:18-debug: [[Executor]] Module "cce:/internal/x/cc-fu/animation" loaded.
2024-5-10 15:50:18-debug: [[Executor]] Module "cce:/internal/x/cc-fu/skeletal-animation" loaded.
2024-5-10 15:50:18-debug: [[Executor]] Module "cce:/internal/x/cc-fu/2d" loaded.
2024-5-10 15:50:18-debug: [[Executor]] Module "cce:/internal/x/cc-fu/sorting" loaded.
2024-5-10 15:50:18-debug: [[Executor]] Module "cce:/internal/x/cc-fu/ui" loaded.
2024-5-10 15:50:18-debug: [[Executor]] Module "cce:/internal/x/cc-fu/particle" loaded.
2024-5-10 15:50:18-debug: [[Executor]] Module "cce:/internal/x/cc-fu/particle-2d" loaded.
2024-5-10 15:50:18-debug: [[Executor]] Module "cce:/internal/x/cc-fu/physics-2d-framework" loaded.
2024-5-10 15:50:18-debug: [[Executor]] Module "cce:/internal/x/cc-fu/physics-framework" loaded.
2024-5-10 15:50:18-debug: [[Executor]] Module "cce:/internal/x/cc-fu/physics-2d-box2d-wasm" loaded.
2024-5-10 15:50:18-debug: [[Executor]] Module "cce:/internal/x/cc-fu/intersection-2d" loaded.
2024-5-10 15:50:18-debug: [[Executor]] Module "cce:/internal/x/cc-fu/primitive" loaded.
2024-5-10 15:50:18-debug: [[Executor]] Module "cce:/internal/x/cc-fu/profiler" loaded.
2024-5-10 15:50:18-debug: [[Executor]] Module "cce:/internal/x/cc-fu/geometry-renderer" loaded.
2024-5-10 15:50:18-debug: [[Executor]] Module "cce:/internal/x/cc-fu/audio" loaded.
2024-5-10 15:50:18-debug: [[Executor]] Module "cce:/internal/x/cc-fu/video" loaded.
2024-5-10 15:50:18-debug: [[Executor]] Module "cce:/internal/x/cc-fu/xr" loaded.
2024-5-10 15:50:18-debug: [[Executor]] Module "cce:/internal/x/cc-fu/light-probe" loaded.
2024-5-10 15:50:18-debug: [[Executor]] Module "cce:/internal/x/cc-fu/terrain" loaded.
2024-5-10 15:50:18-debug: [[Executor]] Module "cce:/internal/x/cc-fu/webview" loaded.
2024-5-10 15:50:18-debug: [[Executor]] Module "cce:/internal/x/cc-fu/tween" loaded.
2024-5-10 15:50:18-debug: [[Executor]] Module "cce:/internal/x/cc-fu/tiled-map" loaded.
2024-5-10 15:50:18-debug: [[Executor]] Module "cce:/internal/x/cc-fu/spine" loaded.
2024-5-10 15:50:18-debug: [[Executor]] Module "cce:/internal/x/cc-fu/dragon-bones" loaded.
2024-5-10 15:50:18-debug: [[Executor]] Module "cce:/internal/x/cc-fu/custom-pipeline" loaded.
2024-5-10 15:50:18-debug: [[Executor]] Module "cce:/internal/x/cc-fu/base" loaded.
2024-5-10 15:50:18-debug: [[Executor]] Module "cce:/internal/x/cc-fu/gfx-webgl" loaded.
2024-5-10 15:50:18-debug: [[Executor]] Module "cce:/internal/x/cc-fu/gfx-webgl2" loaded.
2024-5-10 15:50:18-debug: [[Executor]] Module "cce:/internal/x/cc-fu/gfx-empty" loaded.
2024-5-10 15:50:18-debug: [[Executor]] Module "cce:/internal/x/cc-fu/3d" loaded.
2024-5-10 15:50:18-debug: [[Executor]] Module "cce:/internal/x/cc-fu/animation" loaded.
2024-5-10 15:50:18-debug: [[Executor]] Module "cce:/internal/x/cc-fu/skeletal-animation" loaded.
2024-5-10 15:50:18-debug: [[Executor]] Module "cce:/internal/x/cc-fu/2d" loaded.
2024-5-10 15:50:18-debug: [[Executor]] Module "cce:/internal/x/cc-fu/sorting" loaded.
2024-5-10 15:50:18-debug: [[Executor]] Module "cce:/internal/x/cc-fu/particle" loaded.
2024-5-10 15:50:18-debug: [[Executor]] Module "cce:/internal/x/cc-fu/particle-2d" loaded.
2024-5-10 15:50:18-debug: [[Executor]] Module "cce:/internal/x/cc-fu/ui" loaded.
2024-5-10 15:50:18-debug: [[Executor]] Module "cce:/internal/x/cc-fu/physics-framework" loaded.
2024-5-10 15:50:18-debug: [[Executor]] Module "cce:/internal/x/cc-fu/physics-2d-framework" loaded.
2024-5-10 15:50:18-debug: [[Executor]] Module "cce:/internal/x/cc-fu/physics-2d-box2d-wasm" loaded.
2024-5-10 15:50:18-debug: [[Executor]] Module "cce:/internal/x/cc-fu/intersection-2d" loaded.
2024-5-10 15:50:18-debug: [[Executor]] Module "cce:/internal/x/cc-fu/primitive" loaded.
2024-5-10 15:50:18-debug: [[Executor]] Module "cce:/internal/x/cc-fu/profiler" loaded.
2024-5-10 15:50:18-debug: [[Executor]] Module "cce:/internal/x/cc-fu/geometry-renderer" loaded.
2024-5-10 15:50:18-debug: [[Executor]] Module "cce:/internal/x/cc-fu/audio" loaded.
2024-5-10 15:50:18-debug: [[Executor]] Module "cce:/internal/x/cc-fu/video" loaded.
2024-5-10 15:50:18-debug: [[Executor]] Module "cce:/internal/x/cc-fu/xr" loaded.
2024-5-10 15:50:18-debug: [[Executor]] Module "cce:/internal/x/cc-fu/light-probe" loaded.
2024-5-10 15:50:18-debug: [[Executor]] Module "cce:/internal/x/cc-fu/terrain" loaded.
2024-5-10 15:50:18-debug: [[Executor]] Module "cce:/internal/x/cc-fu/webview" loaded.
2024-5-10 15:50:18-debug: [[Executor]] Module "cce:/internal/x/cc-fu/tween" loaded.
2024-5-10 15:50:18-debug: [[Executor]] Module "cce:/internal/x/cc-fu/tiled-map" loaded.
2024-5-10 15:50:18-debug: [[Executor]] Module "cce:/internal/x/cc-fu/spine" loaded.
2024-5-10 15:50:18-debug: [[Executor]] Module "cce:/internal/x/cc-fu/dragon-bones" loaded.
2024-5-10 15:50:18-debug: [[Executor]] Module "cce:/internal/x/cc-fu/custom-pipeline" loaded.
2024-5-10 15:50:18-debug: [[Executor]] Module "pack:///chunks/93/93ba276ea7b26ffcdc433fab14afc1ed6f05647b.js" loaded.
2024-5-10 15:50:18-debug: Invalidating 'pack:///chunks/93/93ba276ea7b26ffcdc433fab14afc1ed6f05647b.js'
2024-5-10 15:50:18-debug: [[Executor]] Module "pack:///chunks/93/93ba276ea7b26ffcdc433fab14afc1ed6f05647b.js" loaded.
2024-5-10 15:50:18-debug: C:\win11_PD\naiknig\gitee\interview-questions_-joycastle\temp\programming\packer-driver\targets\editor\chunks\6d\6d8fd2b0177941b032ddc0733af48a561fb60657.js resolved to C:\win11_PD\naiknig\gitee\interview-questions_-joycastle\temp\programming\packer-driver\targets\editor\chunks\6d\6d8fd2b0177941b032ddc0733af48a561fb60657.js is not in module cache!
2024-5-10 15:50:18-debug: [[Executor]] Module "pack:///chunks/6d/6d8fd2b0177941b032ddc0733af48a561fb60657.js" loaded.
2024-5-10 15:50:18-debug: C:\win11_PD\naiknig\gitee\interview-questions_-joycastle\temp\programming\packer-driver\targets\editor\chunks\8f\8fba0858a142dc87a4524b6f00b02418662f8921.js resolved to C:\win11_PD\naiknig\gitee\interview-questions_-joycastle\temp\programming\packer-driver\targets\editor\chunks\8f\8fba0858a142dc87a4524b6f00b02418662f8921.js is not in module cache!
2024-5-10 15:50:18-debug: [[Executor]] Register AniButton
2024-5-10 15:50:18-debug: [[Executor]] Module "pack:///chunks/8f/8fba0858a142dc87a4524b6f00b02418662f8921.js" loaded.
2024-5-10 15:50:18-debug: C:\win11_PD\naiknig\gitee\interview-questions_-joycastle\temp\programming\packer-driver\targets\editor\chunks\6b\6b124420d24599d7d4703e619c29dba21ebb75d6.js resolved to C:\win11_PD\naiknig\gitee\interview-questions_-joycastle\temp\programming\packer-driver\targets\editor\chunks\6b\6b124420d24599d7d4703e619c29dba21ebb75d6.js is not in module cache!
2024-5-10 15:50:18-debug: [[Executor]] Module "pack:///chunks/6b/6b124420d24599d7d4703e619c29dba21ebb75d6.js" loaded.
2024-5-10 15:50:18-debug: C:\win11_PD\naiknig\gitee\interview-questions_-joycastle\temp\programming\packer-driver\targets\editor\chunks\7d\7d58bbb4bacbd0a21152857fe2385b5949465c37.js resolved to C:\win11_PD\naiknig\gitee\interview-questions_-joycastle\temp\programming\packer-driver\targets\editor\chunks\7d\7d58bbb4bacbd0a21152857fe2385b5949465c37.js is not in module cache!
2024-5-10 15:50:18-debug: [[Executor]] Register Item
2024-5-10 15:50:18-debug: [[Executor]] Module "pack:///chunks/7d/7d58bbb4bacbd0a21152857fe2385b5949465c37.js" loaded.
2024-5-10 15:50:18-debug: C:\win11_PD\naiknig\gitee\interview-questions_-joycastle\temp\programming\packer-driver\targets\editor\chunks\18\18b5dc5f4f16667e981b14030b7555324f50f216.js resolved to C:\win11_PD\naiknig\gitee\interview-questions_-joycastle\temp\programming\packer-driver\targets\editor\chunks\18\18b5dc5f4f16667e981b14030b7555324f50f216.js is not in module cache!
2024-5-10 15:50:18-debug: C:\win11_PD\naiknig\gitee\interview-questions_-joycastle\temp\programming\packer-driver\targets\editor\chunks\6a\6a5019a719a9014c047e67aa1cf34453ab8392ce.js resolved to C:\win11_PD\naiknig\gitee\interview-questions_-joycastle\temp\programming\packer-driver\targets\editor\chunks\6a\6a5019a719a9014c047e67aa1cf34453ab8392ce.js is not in module cache!
2024-5-10 15:50:18-debug: [[Executor]] Module "pack:///chunks/6a/6a5019a719a9014c047e67aa1cf34453ab8392ce.js" loaded.
2024-5-10 15:50:18-debug: [[Executor]] Register Test
2024-5-10 15:50:18-debug: [[Executor]] Module "pack:///chunks/18/18b5dc5f4f16667e981b14030b7555324f50f216.js" loaded.
2024-5-10 15:50:18-debug: C:\win11_PD\naiknig\gitee\interview-questions_-joycastle\temp\programming\packer-driver\targets\editor\chunks\a4\a41396d2ad28cac180d19bf1aa8c8efe591078a7.js resolved to C:\win11_PD\naiknig\gitee\interview-questions_-joycastle\temp\programming\packer-driver\targets\editor\chunks\a4\a41396d2ad28cac180d19bf1aa8c8efe591078a7.js is not in module cache!
2024-5-10 15:50:18-debug: [[Executor]] Module "pack:///chunks/4c/4c973831fcbb7699a3e295b27dcb9daf1ebd93c1.js" loaded.
2024-5-10 15:50:18-debug: [[Executor]] Module "pack:///chunks/a4/a41396d2ad28cac180d19bf1aa8c8efe591078a7.js" loaded.
2024-5-10 15:50:18-debug: [[Executor]] Register test2
2024-5-10 15:50:18-debug: C:\win11_PD\naiknig\gitee\interview-questions_-joycastle\temp\programming\packer-driver\targets\editor\chunks\4c\4c973831fcbb7699a3e295b27dcb9daf1ebd93c1.js resolved to C:\win11_PD\naiknig\gitee\interview-questions_-joycastle\temp\programming\packer-driver\targets\editor\chunks\4c\4c973831fcbb7699a3e295b27dcb9daf1ebd93c1.js is not in module cache!
2024-5-10 15:50:18-debug: C:\win11_PD\naiknig\gitee\interview-questions_-joycastle\temp\programming\packer-driver\targets\editor\chunks\14\149f8fd30c442046e81f3adabddca24c97d57ba3.js resolved to C:\win11_PD\naiknig\gitee\interview-questions_-joycastle\temp\programming\packer-driver\targets\editor\chunks\14\149f8fd30c442046e81f3adabddca24c97d57ba3.js is not in module cache!
2024-5-10 15:50:18-debug: [[Executor]] Module "pack:///chunks/14/149f8fd30c442046e81f3adabddca24c97d57ba3.js" loaded.
2024-5-10 15:50:18-debug: C:\win11_PD\naiknig\gitee\interview-questions_-joycastle\temp\programming\packer-driver\targets\editor\chunks\8d\8de3538625366665dd91c1c9a7856793f17f4740.js resolved to C:\win11_PD\naiknig\gitee\interview-questions_-joycastle\temp\programming\packer-driver\targets\editor\chunks\8d\8de3538625366665dd91c1c9a7856793f17f4740.js is not in module cache!
2024-5-10 15:50:18-debug: [[Executor]] Register DebugViewRuntimeControl
2024-5-10 15:50:18-debug: [[Executor]] Module "pack:///chunks/6d/6d8fd2b0177941b032ddc0733af48a561fb60657.js" loaded.
2024-5-10 15:50:18-debug: [[Executor]] Module "pack:///chunks/8d/8de3538625366665dd91c1c9a7856793f17f4740.js" loaded.
2024-5-10 15:50:18-debug: Incremental keys: 
2024-5-10 15:50:18-debug: 查询 Asset Bundle start0%
2024-5-10 15:50:18-debug: // ---- build task 查询 Asset Bundle ----
2024-5-10 15:50:18-debug: Query preload assets from cc.config.json: 60f7195c-ec2a-45eb-ba94-8955f60e81d0,1c02ae6f-4492-4915-b8f8-7492a3b1e4cd,810e96e4-e456-4468-9b59-f4e8f39732c0,efe8e2a3-eace-427b-b4f1-cb8a937ec77d,e9aa9a3e-5b2b-4ac7-a2c7-073de2b2b24f,8bbdbcdd-5cd4-4100-b6d5-b7c9625b6107,50f4348b-c883-4e2f-8f11-ce233b859fa1,fda095cb-831d-4601-ad94-846013963de8,f92806d7-1768-443f-afe8-12bcde84d0f0,dd3a144d-ab7f-41f0-82b8-2e43a090d496,f0416e68-0200-4b77-a926-4f9d16e494da,970b0598-bcb0-4714-91fb-2e81440dccd8,bcd64cc6-2dd9-43f6-abbe-66318d332032,d930590d-bb92-4cc8-8bd1-23cd027f9edf,a3cd009f-0ab0-420d-9278-b9fdab939bbc,c27215d8-6835-4b68-bfbb-bdeac6100c04,b5d6115f-0370-4d7c-aad3-c194cc71cf98,871c3b6c-7379-419d-bda3-794b239ab90d
2024-5-10 15:50:18-debug: // ---- build task 查询 Asset Bundle ---- (103ms)
2024-5-10 15:50:18-debug: run build task 查询 Asset Bundle success in 103 ms √5%
2024-5-10 15:50:18-debug: [Build Memory track]: 查询 Asset Bundle start:317.85MB, end 320.55MB, increase: 2.70MB
2024-5-10 15:50:18-debug: 查询 Asset Bundle start5%
2024-5-10 15:50:18-debug: // ---- build task 查询 Asset Bundle ----
2024-5-10 15:50:18-debug: run build task 查询 Asset Bundle success in 17 ms √10%
2024-5-10 15:50:18-debug: [Build Memory track]: 查询 Asset Bundle start:320.57MB, end 320.58MB, increase: 15.33KB
2024-5-10 15:50:18-debug: // ---- build task 查询 Asset Bundle ---- (17ms)
2024-5-10 15:50:18-debug: // ---- build task 整理部分构建选项内数据到 settings.json ----
2024-5-10 15:50:18-debug: 整理部分构建选项内数据到 settings.json start10%
2024-5-10 15:50:18-debug: // ---- build task 整理部分构建选项内数据到 settings.json ---- (3ms)
2024-5-10 15:50:18-debug: run build task 整理部分构建选项内数据到 settings.json success in 3 ms √12%
2024-5-10 15:50:18-debug: [Build Memory track]: 整理部分构建选项内数据到 settings.json start:320.60MB, end 320.61MB, increase: 15.37KB
2024-5-10 15:50:18-debug: 填充脚本数据到 settings.json start12%
2024-5-10 15:50:18-debug: // ---- build task 填充脚本数据到 settings.json ----
2024-5-10 15:50:18-debug: run build task 填充脚本数据到 settings.json success in 2 ms √13%
2024-5-10 15:50:18-debug: // ---- build task 填充脚本数据到 settings.json ---- (2ms)
2024-5-10 15:50:18-debug: [Build Memory track]: 填充脚本数据到 settings.json start:320.63MB, end 320.65MB, increase: 17.49KB
2024-5-10 15:50:18-debug: 整理部分构建选项内数据到 settings.json start13%
2024-5-10 15:50:18-debug: // ---- build task 整理部分构建选项内数据到 settings.json ----
2024-5-10 15:50:18-debug: // ---- build task 整理部分构建选项内数据到 settings.json ---- (11ms)
2024-5-10 15:50:18-debug: run build task 整理部分构建选项内数据到 settings.json success in 11 ms √15%
2024-5-10 15:50:18-debug: [Build Memory track]: 整理部分构建选项内数据到 settings.json start:320.66MB, end 320.81MB, increase: 146.76KB
2024-5-10 15:50:18-debug: Query all assets info in project
2024-5-10 15:50:18-debug: init custom config: keepNodeUuid: false, useCache: true
2024-5-10 15:50:18-debug:   Number of all scenes: 3
2024-5-10 15:50:18-debug:   Number of all scripts: 8
2024-5-10 15:50:18-debug:   Number of other assets: 328
2024-5-10 15:50:18-debug: reload all scripts.
2024-5-10 15:50:18-debug: Set detail map pack:///resolution-detail-map.json: {}
2024-5-10 15:50:18-debug: Unregister Test
2024-5-10 15:50:18-debug: Unregister test2
2024-5-10 15:50:18-debug: Unregister DebugViewRuntimeControl
2024-5-10 15:50:18-debug: Invalidating 'pack:///chunks/93/93ba276ea7b26ffcdc433fab14afc1ed6f05647b.js'
2024-5-10 15:50:18-debug: Invalidating 'pack:///chunks/8f/8fba0858a142dc87a4524b6f00b02418662f8921.js'
2024-5-10 15:50:18-debug: Unregister AniButton
2024-5-10 15:50:18-debug: Invalidating 'pack:///chunks/6b/6b124420d24599d7d4703e619c29dba21ebb75d6.js'
2024-5-10 15:50:18-debug: Invalidating 'pack:///chunks/7d/7d58bbb4bacbd0a21152857fe2385b5949465c37.js'
2024-5-10 15:50:18-debug: Invalidating 'pack:///chunks/6a/6a5019a719a9014c047e67aa1cf34453ab8392ce.js'
2024-5-10 15:50:18-debug: Invalidating 'pack:///chunks/18/18b5dc5f4f16667e981b14030b7555324f50f216.js'
2024-5-10 15:50:18-debug: Unregister Item
2024-5-10 15:50:18-debug: Invalidating 'pack:///chunks/4c/4c973831fcbb7699a3e295b27dcb9daf1ebd93c1.js'
2024-5-10 15:50:18-debug: Invalidating 'pack:///chunks/14/149f8fd30c442046e81f3adabddca24c97d57ba3.js'
2024-5-10 15:50:18-debug: Invalidating 'pack:///chunks/6d/6d8fd2b0177941b032ddc0733af48a561fb60657.js'
2024-5-10 15:50:18-debug: [[Executor]] Module "pack:///chunks/93/93ba276ea7b26ffcdc433fab14afc1ed6f05647b.js" loaded.
2024-5-10 15:50:18-debug: [[Executor]] Module "pack:///chunks/6d/6d8fd2b0177941b032ddc0733af48a561fb60657.js" loaded.
2024-5-10 15:50:18-debug: [[Executor]] Register AniButton
2024-5-10 15:50:18-debug: [[Executor]] Module "pack:///chunks/6b/6b124420d24599d7d4703e619c29dba21ebb75d6.js" loaded.
2024-5-10 15:50:18-debug: [[Executor]] Register Item
2024-5-10 15:50:18-debug: [[Executor]] Module "pack:///chunks/7d/7d58bbb4bacbd0a21152857fe2385b5949465c37.js" loaded.
2024-5-10 15:50:18-debug: [[Executor]] Module "pack:///chunks/6a/6a5019a719a9014c047e67aa1cf34453ab8392ce.js" loaded.
2024-5-10 15:50:18-debug: [[Executor]] Register Test
2024-5-10 15:50:18-debug: [[Executor]] Module "pack:///chunks/18/18b5dc5f4f16667e981b14030b7555324f50f216.js" loaded.
2024-5-10 15:50:18-debug: [[Executor]] Module "pack:///chunks/4c/4c973831fcbb7699a3e295b27dcb9daf1ebd93c1.js" loaded.
2024-5-10 15:50:18-debug: [[Executor]] Register test2
2024-5-10 15:50:18-debug: [[Executor]] Module "pack:///chunks/a4/a41396d2ad28cac180d19bf1aa8c8efe591078a7.js" loaded.
2024-5-10 15:50:18-debug: [[Executor]] Module "pack:///chunks/14/149f8fd30c442046e81f3adabddca24c97d57ba3.js" loaded.
2024-5-10 15:50:18-debug: [[Executor]] Module "pack:///chunks/8d/8de3538625366665dd91c1c9a7856793f17f4740.js" loaded.
2024-5-10 15:50:18-debug: Incremental keys: 
2024-5-10 15:50:18-debug: [[Executor]] Register DebugViewRuntimeControl
2024-5-10 15:50:18-debug: [[Executor]] Module "pack:///chunks/6d/6d8fd2b0177941b032ddc0733af48a561fb60657.js" loaded.
2024-5-10 15:50:18-debug: 查询 Asset Bundle start0%
2024-5-10 15:50:18-debug: [[Executor]] Module "pack:///chunks/8f/8fba0858a142dc87a4524b6f00b02418662f8921.js" loaded.
2024-5-10 15:50:18-debug: Invalidating 'pack:///chunks/8d/8de3538625366665dd91c1c9a7856793f17f4740.js'
2024-5-10 15:50:18-debug: Invalidating 'pack:///chunks/a4/a41396d2ad28cac180d19bf1aa8c8efe591078a7.js'
2024-5-10 15:50:18-debug: // ---- build task 查询 Asset Bundle ----
2024-5-10 15:50:18-debug: Query preload assets from cc.config.json: 60f7195c-ec2a-45eb-ba94-8955f60e81d0,1c02ae6f-4492-4915-b8f8-7492a3b1e4cd,810e96e4-e456-4468-9b59-f4e8f39732c0,efe8e2a3-eace-427b-b4f1-cb8a937ec77d,e9aa9a3e-5b2b-4ac7-a2c7-073de2b2b24f,8bbdbcdd-5cd4-4100-b6d5-b7c9625b6107,50f4348b-c883-4e2f-8f11-ce233b859fa1,fda095cb-831d-4601-ad94-846013963de8,f92806d7-1768-443f-afe8-12bcde84d0f0,dd3a144d-ab7f-41f0-82b8-2e43a090d496,f0416e68-0200-4b77-a926-4f9d16e494da,970b0598-bcb0-4714-91fb-2e81440dccd8,bcd64cc6-2dd9-43f6-abbe-66318d332032,d930590d-bb92-4cc8-8bd1-23cd027f9edf,a3cd009f-0ab0-420d-9278-b9fdab939bbc,c27215d8-6835-4b68-bfbb-bdeac6100c04,b5d6115f-0370-4d7c-aad3-c194cc71cf98,871c3b6c-7379-419d-bda3-794b239ab90d
2024-5-10 15:50:19-debug: // ---- build task 查询 Asset Bundle ---- (217ms)
2024-5-10 15:50:19-debug: run build task 查询 Asset Bundle success in 217 ms √5%
2024-5-10 15:50:19-debug: [Build Memory track]: 查询 Asset Bundle start:321.11MB, end 323.63MB, increase: 2.52MB
2024-5-10 15:50:19-debug: // ---- build task 查询 Asset Bundle ---- (5ms)
2024-5-10 15:50:19-debug: [Build Memory track]: 查询 Asset Bundle start:323.65MB, end 323.66MB, increase: 14.29KB
2024-5-10 15:50:19-debug: 查询 Asset Bundle start5%
2024-5-10 15:50:19-debug: // ---- build task 查询 Asset Bundle ----
2024-5-10 15:50:19-debug: run build task 查询 Asset Bundle success in 5 ms √10%
2024-5-10 15:50:19-debug: // ---- build task 整理部分构建选项内数据到 settings.json ----
2024-5-10 15:50:19-debug: 整理部分构建选项内数据到 settings.json start10%
2024-5-10 15:50:19-debug: // ---- build task 整理部分构建选项内数据到 settings.json ---- (1ms)
2024-5-10 15:50:19-debug: run build task 整理部分构建选项内数据到 settings.json success in 1 ms √12%
2024-5-10 15:50:19-debug: [Build Memory track]: 整理部分构建选项内数据到 settings.json start:323.68MB, end 323.70MB, increase: 18.74KB
2024-5-10 15:50:19-debug: 填充脚本数据到 settings.json start12%
2024-5-10 15:50:19-debug: // ---- build task 填充脚本数据到 settings.json ----
2024-5-10 15:50:19-debug: // ---- build task 填充脚本数据到 settings.json ---- (4ms)
2024-5-10 15:50:19-debug: run build task 填充脚本数据到 settings.json success in 4 ms √13%
2024-5-10 15:50:19-debug: 整理部分构建选项内数据到 settings.json start13%
2024-5-10 15:50:19-debug: [Build Memory track]: 填充脚本数据到 settings.json start:323.71MB, end 323.73MB, increase: 18.65KB
2024-5-10 15:50:19-debug: // ---- build task 整理部分构建选项内数据到 settings.json ----
2024-5-10 15:50:19-debug: // ---- build task 整理部分构建选项内数据到 settings.json ---- (16ms)
2024-5-10 15:50:19-debug: run build task 整理部分构建选项内数据到 settings.json success in 16 ms √15%
2024-5-10 15:50:19-debug: [Build Memory track]: 整理部分构建选项内数据到 settings.json start:323.75MB, end 323.88MB, increase: 136.98KB
2024-5-10 15:50:19-debug: programming:execute-script (14ms)
2024-5-10 15:52:26-debug: refresh db internal success
2024-5-10 15:52:26-debug: refresh db assets success
2024-5-10 15:52:26-debug: Run asset db hook engine-extends:afterRefresh success!
2024-5-10 15:52:26-debug: Run asset db hook engine-extends:afterRefresh ...
